2025-04-04 04:07:32.469016 - Received CBT.V508.FILE1043.PDS from FILE1043.XMI 
2025-04-04 04:07:32.470164 - Found $$$#DATE.txt (text/plain) in CBT.V508.FILE1043.PDS, moved to PDS/$$$#DATE
2025-04-04 04:07:32.470302 - Found $INSTALL.txt (text/plain) in CBT.V508.FILE1043.PDS, moved to PDS/$INSTALL
2025-04-04 04:07:32.470427 - Found $MEMLIST.txt (text/plain) in CBT.V508.FILE1043.PDS, moved to PDS/$MEMLIST
2025-04-04 04:07:32.470749 - Found $README.txt (text/plain) in CBT.V508.FILE1043.PDS, moved to PDS/$README
2025-04-04 04:07:32.470945 - Found #LOADXMI.xmi (application/xmit) in CBT.V508.FILE1043.PDS, moved to PDS/#LOADXMI.xmi
2025-04-04 04:07:32.499149 - Received SDBDC.CBTXXX.FILE1043.LOAD from #LOADXMI.xmi 
2025-04-04 04:07:32.500012 - Found DCJDDME.bin (application/octet-stream) in SDBDC.CBTXXX.FILE1043.LOAD, moved to #LOADXMI/DCJDDME
2025-04-04 04:07:32.500186 - Found DCJRXPP.bin (application/octet-stream) in SDBDC.CBTXXX.FILE1043.LOAD, moved to #LOADXMI/DCJRXPP
2025-04-04 04:07:32.500318 - Found IRXEXECI.bin (application/octet-stream) in SDBDC.CBTXXX.FILE1043.LOAD, moved to #LOADXMI/IRXEXECI
2025-04-04 04:07:32.500444 - Found IRXEXECT.bin (application/octet-stream) in SDBDC.CBTXXX.FILE1043.LOAD, moved to #LOADXMI/IRXEXECT
2025-04-04 04:07:32.500558 - Found IRXEXECU.bin (application/octet-stream) in SDBDC.CBTXXX.FILE1043.LOAD, moved to #LOADXMI/IRXEXECU
2025-04-04 04:07:32.500672 - Found IRXTSPRM.bin (application/octet-stream) in SDBDC.CBTXXX.FILE1043.LOAD, moved to #LOADXMI/IRXTSPRM
2025-04-04 04:07:32.501208 - Found @FIL1043.txt (text/plain) in CBT.V508.FILE1043.PDS, moved to PDS/@FIL1043
2025-04-04 04:07:32.501407 - Found DCHIRXE@.jcl (text/plain) in CBT.V508.FILE1043.PDS, moved to PDS/DCHIRXE@
2025-04-04 04:07:32.501531 - Found DCHIRXI@.jcl (text/plain) in CBT.V508.FILE1043.PDS, moved to PDS/DCHIRXI@
2025-04-04 04:07:32.501662 - Found DCHIRXP@.jcl (text/plain) in CBT.V508.FILE1043.PDS, moved to PDS/DCHIRXP@
2025-04-04 04:07:32.501773 - Found DCHIRXT@.jcl (text/plain) in CBT.V508.FILE1043.PDS, moved to PDS/DCHIRXT@
2025-04-04 04:07:32.501891 - Found DCJDDME.c (text/x-c) in CBT.V508.FILE1043.PDS, moved to PDS/DCJDDME
2025-04-04 04:07:32.502023 - Found DCJDDME$.jcl (text/plain) in CBT.V508.FILE1043.PDS, moved to PDS/DCJDDME$
2025-04-04 04:07:32.502577 - Found DCJRXPP.txt (text/plain) in CBT.V508.FILE1043.PDS, moved to PDS/DCJRXPP
2025-04-04 04:07:32.502751 - Found DCJRXPP$.jcl (text/plain) in CBT.V508.FILE1043.PDS, moved to PDS/DCJRXPP$
2025-04-04 04:07:32.502885 - Found DCXVMON.rexx (text/plain) in CBT.V508.FILE1043.PDS, moved to PDS/DCXVMON
2025-04-04 04:07:32.503144 - Found JCCXCL.txt (text/plain) in CBT.V508.FILE1043.PDS, moved to PDS/JCCXCL
2025-04-04 04:07:32.503264 - Found RXUMAC00.txt (text/plain) in CBT.V508.FILE1043.PDS, moved to PDS/RXUMAC00
2025-04-04 04:07:32.503398 - Found RXUMAYFO.rexx (text/plain) in CBT.V508.FILE1043.PDS, moved to PDS/RXUMAYFO
2025-04-04 04:07:32.503512 - Found RXUSLIB.txt (text/plain) in CBT.V508.FILE1043.PDS, moved to PDS/RXUSLIB
2025-04-04 04:07:32.503628 - Found RXUSUBEX.rexx (text/plain) in CBT.V508.FILE1043.PDS, moved to PDS/RXUSUBEX
2025-04-04 04:07:32.503741 - Found RXUTEST.rexx (text/plain) in CBT.V508.FILE1043.PDS, moved to PDS/RXUTEST
2025-04-04 04:07:32.503854 - Found TESTRXU$.jcl (text/plain) in CBT.V508.FILE1043.PDS, moved to PDS/TESTRXU$
